\BOOKMARK [0][-]{part.1}{I Groupes}{}% 1
\BOOKMARK [1][-]{section.1}{D\351finitions et premiers exemples}{part.1}% 2
\BOOKMARK [1][-]{section.2}{Sous-groupe}{part.1}% 3
\BOOKMARK [1][-]{section.3}{Ordre d'un \351l\351ment dans un groupe}{part.1}% 4
\BOOKMARK [1][-]{section.4}{Homomorphisme de groupe}{part.1}% 5
\BOOKMARK [2][-]{subsection.4.1}{D\351finition}{section.4}% 6
\BOOKMARK [2][-]{subsection.4.2}{\311tude des homomorphismes de Z}{section.4}% 7
\BOOKMARK [2][-]{subsection.4.3}{Compositions et isomorphismes}{section.4}% 8
\BOOKMARK [2][-]{subsection.4.4}{Sous-groupes associ\351s \340 un homomorphisme}{section.4}% 9
\BOOKMARK [0][-]{part.2}{II Op\351rations de groupes}{}% 10
\BOOKMARK [1][-]{section.5}{Rappels sur les relations d'\351quivalence}{part.2}% 11
\BOOKMARK [1][-]{section.6}{Op\351rations de groupes}{part.2}% 12
\BOOKMARK [1][-]{section.7}{Orbites, stabilisateurs}{part.2}% 13
\BOOKMARK [2][-]{subsection.7.1}{Aspects num\351riques}{section.7}% 14
\BOOKMARK [1][-]{section.8}{Applications \340 la g\351om\351trie affine}{part.2}% 15
\BOOKMARK [2][-]{subsection.8.1}{Espaces affines}{section.8}% 16
\BOOKMARK [2][-]{subsection.8.2}{Sous-espaces affine}{section.8}% 17
\BOOKMARK [2][-]{subsection.8.3}{Applications affines}{section.8}% 18
\BOOKMARK [0][-]{part.3}{III Groupes sym\351triques}{}% 19
\BOOKMARK [0][-]{part.4}{IV Sous-groupes distingu\351s et groupes quotient}{}% 20
\BOOKMARK [0][-]{part.5}{V Th\351or\350me de Sylow}{}% 21
\BOOKMARK [0][-]{part.6}{VI Solutions des exercices}{}% 22
